<?xml version="1.0" encoding="UTF-8"?>
<testng-results skipped="0" failed="0" total="2" passed="2">
  <reporter-output>
  </reporter-output>
  <suite name="Yahoo" duration-ms="87" started-at="2016-06-14T14:57:43Z" finished-at="2016-06-14T14:57:43Z">
    <groups>
    </groups>
    <test name="xyz" duration-ms="87" started-at="2016-06-14T14:57:43Z" finished-at="2016-06-14T14:57:43Z">
      <class name="testng_listeners.LoginTest">
        <test-method status="PASS" signature="login()[pri:1, instance:testng_listeners.LoginTest@32e6e9c3]" name="login" duration-ms="30" started-at="2016-06-14T20:27:43Z" finished-at="2016-06-14T20:27:43Z">
          <reporter-output>
          </reporter-output>
        </test-method> <!-- login -->
        <test-method status="PASS" signature="adminLogin()[pri:2, instance:testng_listeners.LoginTest@32e6e9c3]" name="adminLogin" duration-ms="3" started-at="2016-06-14T20:27:43Z" finished-at="2016-06-14T20:27:43Z">
          <reporter-output>
          </reporter-output>
        </test-method> <!-- adminLogin -->
      </class> <!-- testng_listeners.LoginTest -->
    </test> <!-- xyz -->
  </suite> <!-- Yahoo -->
</testng-results>
